SF:lib\core\errors\exceptions.dart
DA:5,1
DA:7,1
DA:8,2
DA:14,1
DA:16,1
DA:17,2
DA:23,1
DA:25,1
DA:26,2
LF:9
LH:9
end_of_record
SF:lib\core\errors\failures.dart
DA:6,1
DA:8,1
DA:9,2
DA:13,2
DA:17,2
DA:21,1
DA:22,1
DA:28,1
DA:29,1
DA:33,2
LF:10
LH:10
end_of_record
SF:lib\core\utils\paiement_amount.dart
DA:2,1
DA:3,1
DA:5,2
DA:6,1
DA:7,2
DA:10,1
DA:11,1
DA:13,2
DA:14,1
DA:15,1
LF:10
LH:10
end_of_record
SF:lib\core\utils\token_validator.dart
DA:5,1
DA:6,1
DA:11,1
DA:12,2
DA:14,1
DA:15,1
DA:16,2
DA:17,1
DA:19,1
DA:22,3
DA:23,2
DA:24,2
DA:26,1
LF:13
LH:13
end_of_record
SF:lib\features\auth\data\models\auth_response_model.dart
DA:8,1
DA:15,1
DA:16,1
DA:17,1
DA:18,1
DA:19,2
DA:20,2
DA:21,2
LF:8
LH:8
end_of_record
SF:lib\core\network\network_info.dart
DA:11,1
DA:13,1
DA:15,2
DA:16,1
DA:17,1
DA:23,2
DA:24,2
DA:25,2
LF:8
LH:8
end_of_record
